<?xml version="1.0" encoding="UTF-8"?>
<!-- Generated by org.testng.reporters.JUnitReportReporter -->
<testsuite hostname="SHREE" failures="0" tests="3" name="com.qa.Opencart.test.HomePageTest" time="1.011" errors="0" timestamp="2024-09-29T16:59:18 IST" skipped="0">
  <testcase classname="com.qa.Opencart.test.HomePageTest" name="homePageTitleTest" time="0.065"/>
  <system-out/>
  <testcase classname="com.qa.Opencart.test.HomePageTest" name="searchProduct" time="0.938"/>
  <system-out/>
  <testcase classname="com.qa.Opencart.test.HomePageTest" name="homePageUrlTest" time="0.008"/>
  <system-out/>
</testsuite> <!-- com.qa.Opencart.test.HomePageTest -->
