<?xml version="1.0" encoding="UTF-8"?>
<!-- Generated by org.testng.reporters.JUnitReportReporter -->
<testsuite hostname="SHREE" failures="0" tests="5" name="com.qa.Opencart.test.HomePageTest" time="1.963" errors="0" timestamp="2024-09-29T18:59:20 IST" skipped="0">
  <testcase classname="com.qa.Opencart.test.HomePageTest" name="searchProduct" time="0.821"/>
  <system-out/>
  <testcase classname="com.qa.Opencart.test.HomePageTest" name="searchProduct" time="0.639"/>
  <system-out/>
  <testcase classname="com.qa.Opencart.test.HomePageTest" name="homePageUrlTest" time="0.007"/>
  <system-out/>
  <testcase classname="com.qa.Opencart.test.HomePageTest" name="homePageTitleTest" time="0.050"/>
  <system-out/>
  <testcase classname="com.qa.Opencart.test.HomePageTest" name="searchProduct" time="0.446"/>
  <system-out/>
</testsuite> <!-- com.qa.Opencart.test.HomePageTest -->
