<?xml version="1.0" encoding="UTF-8"?>
<!-- Generated by org.testng.reporters.JUnitReportReporter -->
<testsuite hostname="SHREE" failures="0" tests="5" name="com.qa.Opencart.test.HomePageTest" time="2.267" errors="0" timestamp="2024-09-29T18:21:59 IST" skipped="0">
  <testcase classname="com.qa.Opencart.test.HomePageTest" name="searchProduct" time="0.535"/>
  <system-out/>
  <testcase classname="com.qa.Opencart.test.HomePageTest" name="searchProduct" time="0.823"/>
  <system-out/>
  <testcase classname="com.qa.Opencart.test.HomePageTest" name="homePageTitleTest" time="0.070"/>
  <system-out/>
  <testcase classname="com.qa.Opencart.test.HomePageTest" name="searchProduct" time="0.836"/>
  <system-out/>
  <testcase classname="com.qa.Opencart.test.HomePageTest" name="homePageUrlTest" time="0.003"/>
  <system-out/>
</testsuite> <!-- com.qa.Opencart.test.HomePageTest -->
