<?xml version="1.0" encoding="UTF-8"?>
<!-- Generated by org.testng.reporters.JUnitReportReporter -->
<testsuite hostname="SHREE" failures="0" tests="5" name="com.qa.Opencart.tests.HomePageTest" time="1.788" errors="0" timestamp="2024-09-29T19:16:08 IST" skipped="0">
  <testcase classname="com.qa.Opencart.tests.HomePageTest" name="searchProduct" time="0.446"/>
  <system-out/>
  <testcase classname="com.qa.Opencart.tests.HomePageTest" name="homePageUrlTest" time="0.019"/>
  <system-out/>
  <testcase classname="com.qa.Opencart.tests.HomePageTest" name="searchProduct" time="0.603"/>
  <system-out/>
  <testcase classname="com.qa.Opencart.tests.HomePageTest" name="homePageTitleTest" time="0.049"/>
  <system-out/>
  <testcase classname="com.qa.Opencart.tests.HomePageTest" name="searchProduct" time="0.671"/>
  <system-out/>
</testsuite> <!-- com.qa.Opencart.tests.HomePageTest -->
